<?xml version="1.0" encoding="UTF-8"?>
<testng-results ignored="0" total="5" passed="5" failed="0" skipped="0">
  <reporter-output>
  </reporter-output>
  <suite started-at="2022-03-16T04:19:28Z" name="Default suite" finished-at="2022-03-16T04:19:34Z" duration-ms="5380">
    <groups>
    </groups>
    <test started-at="2022-03-16T04:19:28Z" name="Default test" finished-at="2022-03-16T04:19:34Z" duration-ms="5380">
      <class name="com.spotify.oauth2.tests.PlaylistTests">
        <test-method signature="shouldBeAbleToCreatePlayList()[pri:0, instance:com.spotify.oauth2.tests.PlaylistTests@6f3187b0]" started-at="2022-03-16T04:19:28Z" name="shouldBeAbleToCreatePlayList" description="should be able to create a playlist" finished-at="2022-03-16T04:19:33Z" duration-ms="4143" status="PASS">
          <reporter-output>
          </reporter-output>
        </test-method> <!-- shouldBeAbleToCreatePlayList -->
        <test-method signature="shouldBeAbleToGetPlayList()[pri:0, instance:com.spotify.oauth2.tests.PlaylistTests@6f3187b0]" started-at="2022-03-16T04:19:33Z" name="shouldBeAbleToGetPlayList" description="should be able to get a playlist" finished-at="2022-03-16T04:19:33Z" duration-ms="297" status="PASS">
          <reporter-output>
          </reporter-output>
        </test-method> <!-- shouldBeAbleToGetPlayList -->
        <test-method signature="shouldBeAbleToUpdateAPlayList()[pri:0, instance:com.spotify.oauth2.tests.PlaylistTests@6f3187b0]" started-at="2022-03-16T04:19:33Z" name="shouldBeAbleToUpdateAPlayList" description="should be able to update a playlist" finished-at="2022-03-16T04:19:33Z" duration-ms="391" status="PASS">
          <reporter-output>
          </reporter-output>
        </test-method> <!-- shouldBeAbleToUpdateAPlayList -->
        <test-method signature="shouldNotBeAbleToCreatePlayListWithIncorrectToken()[pri:0, instance:com.spotify.oauth2.tests.PlaylistTests@6f3187b0]" started-at="2022-03-16T04:19:33Z" name="shouldNotBeAbleToCreatePlayListWithIncorrectToken" description="should not be able to create a playlist without token" finished-at="2022-03-16T04:19:34Z" duration-ms="222" status="PASS">
          <reporter-output>
          </reporter-output>
        </test-method> <!-- shouldNotBeAbleToCreatePlayListWithIncorrectToken -->
        <test-method signature="shouldNotBeAbleToCreatePlayListWithoutName()[pri:0, instance:com.spotify.oauth2.tests.PlaylistTests@6f3187b0]" started-at="2022-03-16T04:19:34Z" name="shouldNotBeAbleToCreatePlayListWithoutName" description="should not be able to create a playlist without name" finished-at="2022-03-16T04:19:34Z" duration-ms="219" status="PASS">
          <reporter-output>
          </reporter-output>
        </test-method> <!-- shouldNotBeAbleToCreatePlayListWithoutName -->
      </class> <!-- com.spotify.oauth2.tests.PlaylistTests -->
    </test> <!-- Default test -->
  </suite> <!-- Default suite -->
</testng-results>
